<?xml version="1.0" encoding="utf-8"?><testsuites><testsuite name="pytest" errors="0" failures="0" skipped="0" tests="3" time="11.029" timestamp="2021-09-22T17:02:06.945082" hostname="DESKTOP-5ABLRPQ"><testcase classname="test_HomePage.TestHomePage" name="test_form_submission[get_data0]" time="2.510" /><testcase classname="test_HomePage.TestHomePage" name="test_form_submission[get_data1]" time="0.177" /><testcase classname="test_e2e.TestOne" name="test_e2e" time="8.314" /></testsuite></testsuites>